SF:lib\widget\widget_visitor.dart
DA:31,1
DA:35,1
DA:38,1
DA:39,2
DA:40,0
DA:42,2
DA:43,1
DA:44,2
DA:45,1
DA:46,2
DA:47,4
DA:48,2
DA:49,1
DA:50,2
DA:52,2
DA:53,2
DA:54,2
DA:58,1
DA:60,2
DA:61,2
DA:62,1
DA:63,1
DA:64,3
DA:66,2
DA:71,1
DA:73,2
DA:76,1
DA:78,2
DA:79,1
DA:80,5
DA:81,1
DA:82,3
DA:88,3
DA:89,3
DA:90,3
DA:91,3
DA:92,3
DA:93,3
DA:94,2
DA:95,1
DA:96,4
DA:97,1
DA:98,4
DA:99,1
DA:100,2
DA:101,1
DA:102,3
DA:103,3
DA:104,0
DA:105,0
DA:106,0
DA:107,0
DA:108,0
DA:109,0
DA:110,3
DA:111,0
DA:112,4
DA:113,0
DA:114,2
DA:115,2
DA:116,2
DA:117,4
DA:118,4
DA:121,1
DA:122,4
DA:123,0
DA:137,0
LF:67
LH:56
end_of_record
SF:lib\config\configs.dart
DA:108,2
DA:110,2
DA:112,2
DA:114,2
DA:116,2
DA:118,2
DA:120,2
DA:122,1
DA:123,1
DA:125,2
DA:127,2
DA:129,2
DA:132,1
DA:133,1
DA:135,0
DA:136,0
DA:138,1
DA:139,1
DA:141,1
DA:142,1
DA:144,0
DA:145,0
DA:147,0
DA:148,0
DA:150,1
DA:151,3
DA:152,0
DA:158,3
DA:160,0
DA:161,0
DA:162,0
DA:163,0
DA:164,0
DA:165,0
DA:166,0
DA:167,0
DA:168,0
DA:169,0
DA:170,0
DA:176,1
DA:177,1
DA:178,0
LF:42
LH:23
end_of_record
SF:lib\config\markdown_generator.dart
DA:16,0
DA:23,0
DA:25,0
DA:26,0
DA:27,0
DA:29,0
DA:30,0
DA:32,0
DA:33,0
DA:34,0
DA:35,0
DA:36,0
DA:37,0
DA:38,0
DA:39,0
DA:40,0
DA:41,0
DA:42,0
DA:45,0
DA:46,0
DA:47,0
DA:48,0
DA:49,0
DA:50,0
DA:51,0
LF:25
LH:0
end_of_record
SF:lib\config\toc.dart
DA:18,0
DA:19,0
DA:20,0
DA:21,0
DA:23,0
DA:26,0
DA:27,0
DA:30,0
DA:32,0
DA:33,0
DA:34,0
DA:35,0
DA:36,0
DA:39,0
DA:40,0
DA:43,0
DA:44,0
DA:58,0
DA:78,0
DA:84,0
DA:86,0
DA:87,0
DA:95,0
DA:97,0
DA:98,0
DA:101,0
DA:103,0
DA:104,0
DA:105,0
DA:106,0
DA:108,0
DA:109,0
DA:111,0
DA:112,0
DA:115,0
DA:116,0
DA:117,0
DA:118,0
DA:119,0
DA:120,0
DA:126,0
DA:128,0
DA:129,0
DA:130,0
DA:131,0
DA:134,0
DA:136,0
DA:137,0
DA:138,0
DA:139,0
DA:140,0
DA:141,0
DA:142,0
DA:143,0
DA:144,0
DA:145,0
DA:147,0
DA:148,0
DA:149,0
DA:151,0
DA:152,0
DA:154,0
DA:155,0
DA:156,0
DA:157,0
DA:160,0
DA:162,0
DA:163,0
DA:169,0
DA:182,0
LF:70
LH:0
end_of_record
SF:lib\widget\blocks\leaf\heading.dart
DA:13,1
DA:15,1
DA:17,2
DA:18,1
DA:19,4
DA:20,2
DA:21,1
DA:24,1
DA:25,1
DA:28,1
DA:29,1
DA:30,4
DA:36,0
DA:37,0
DA:38,0
DA:39,0
DA:44,1
DA:45,4
DA:52,2
DA:54,0
DA:56,0
DA:57,0
DA:58,0
DA:73,1
DA:78,1
DA:79,1
DA:80,1
DA:81,1
DA:82,1
DA:84,3
DA:86,3
DA:93,4
DA:100,2
DA:107,1
DA:108,1
DA:110,0
DA:118,1
DA:120,1
DA:127,2
DA:134,1
DA:135,1
DA:137,0
DA:145,1
DA:147,1
DA:154,2
DA:161,1
DA:163,1
DA:165,0
DA:178,2
DA:185,1
DA:187,1
DA:189,0
DA:202,2
DA:209,1
DA:211,1
DA:213,0
DA:226,2
DA:233,1
DA:235,1
DA:237,0
LF:60
LH:46
end_of_record
SF:lib\widget\markdown.dart
DA:31,0
DA:40,0
DA:42,0
DA:43,0
DA:53,0
DA:55,0
DA:57,0
DA:58,0
DA:59,0
DA:60,0
DA:62,0
DA:66,0
DA:67,0
DA:68,0
DA:70,0
DA:71,0
DA:73,0
DA:77,0
DA:78,0
DA:81,0
DA:83,0
DA:84,0
DA:85,0
DA:86,0
DA:89,0
DA:91,0
DA:94,0
DA:95,0
DA:96,0
DA:97,0
DA:98,0
DA:99,0
DA:100,0
DA:101,0
DA:102,0
DA:103,0
DA:104,0
DA:107,0
DA:108,0
DA:112,0
DA:113,0
DA:114,0
DA:115,0
DA:116,0
DA:117,0
DA:118,0
DA:119,0
DA:120,0
DA:122,0
DA:123,0
DA:131,0
DA:132,0
DA:136,0
DA:138,0
DA:140,0
DA:141,0
DA:142,0
DA:146,0
DA:148,0
DA:149,0
DA:153,0
LF:61
LH:0
end_of_record
SF:lib\widget\share_config_widget.dart
DA:6,0
DA:10,0
DA:16,0
DA:17,0
DA:20,0
DA:22,0
LF:6
LH:0
end_of_record
SF:lib\widget\blocks\leaf\horizontal_rules.dart
DA:14,1
DA:16,1
DA:18,1
DA:19,1
DA:20,2
DA:21,2
DA:31,2
DA:33,0
DA:35,0
DA:37,0
LF:10
LH:7
end_of_record
SF:lib\widget\blocks\container\blockquote.dart
DA:14,1
DA:16,1
DA:18,1
DA:19,1
DA:20,1
DA:21,1
DA:22,5
DA:24,3
DA:25,2
DA:26,2
DA:30,1
DA:31,5
DA:43,1
DA:51,0
DA:53,0
LF:15
LH:13
end_of_record
SF:lib\widget\blocks\container\list.dart
DA:17,1
DA:18,5
DA:21,1
DA:23,1
DA:24,1
DA:25,2
DA:26,2
DA:30,1
DA:32,1
DA:33,1
DA:34,4
DA:35,1
DA:37,1
DA:38,2
DA:39,1
DA:40,2
DA:41,2
DA:49,1
DA:50,1
DA:60,1
DA:64,1
DA:65,1
DA:66,4
DA:69,1
DA:71,1
DA:73,1
DA:74,4
DA:79,1
DA:81,3
DA:82,3
DA:84,7
DA:85,6
DA:87,1
DA:88,0
DA:90,3
DA:91,6
DA:92,2
DA:94,1
DA:95,1
DA:96,1
DA:97,1
DA:99,1
DA:100,1
DA:104,1
DA:105,2
DA:112,1
DA:113,5
DA:116,1
DA:117,1
DA:132,1
DA:138,0
DA:140,0
DA:151,2
DA:153,0
DA:155,0
DA:156,0
DA:157,0
DA:159,0
DA:162,0
DA:167,0
DA:168,0
DA:169,0
DA:173,0
DA:174,0
DA:175,0
DA:179,0
DA:190,1
DA:191,1
DA:193,0
DA:195,0
DA:196,0
DA:197,0
DA:202,1
DA:206,1
DA:208,1
DA:209,2
DA:211,1
DA:212,2
DA:213,1
LF:79
LH:59
end_of_record
SF:lib\widget\blocks\container\table.dart
DA:21,1
DA:36,0
DA:38,0
DA:44,0
DA:46,0
DA:48,0
DA:50,0
DA:54,0
DA:55,0
DA:56,0
DA:57,0
DA:58,0
DA:59,0
DA:63,0
DA:64,0
DA:65,0
DA:66,0
DA:67,0
DA:68,0
DA:69,0
DA:70,0
DA:71,0
DA:72,0
DA:74,0
DA:84,0
DA:86,0
DA:87,0
DA:88,0
DA:89,0
DA:90,0
DA:91,0
DA:92,0
DA:93,0
DA:94,0
DA:95,0
DA:96,0
DA:101,0
DA:103,0
DA:104,0
DA:106,0
DA:108,0
DA:109,0
DA:110,0
DA:116,0
DA:118,0
DA:119,0
DA:121,0
DA:122,0
DA:123,0
DA:125,0
DA:126,0
DA:127,0
DA:128,0
DA:129,0
DA:131,0
DA:132,0
DA:136,0
DA:138,0
DA:139,0
DA:140,0
DA:144,0
DA:145,0
DA:149,0
DA:150,0
DA:154,0
DA:155,0
LF:66
LH:1
end_of_record
SF:lib\widget\blocks\leaf\code_block.dart
DA:15,1
DA:20,1
DA:22,1
DA:23,1
DA:24,0
DA:25,0
DA:26,0
DA:27,0
DA:29,0
DA:30,0
DA:31,0
DA:32,0
DA:33,0
DA:40,0
DA:41,0
DA:45,0
DA:53,0
DA:54,0
DA:55,0
DA:58,0
DA:59,0
DA:63,0
DA:65,0
DA:67,0
DA:69,0
DA:70,0
DA:71,0
DA:72,0
DA:73,0
DA:74,0
DA:75,0
DA:76,0
DA:77,0
DA:78,0
DA:79,0
DA:82,0
DA:83,0
DA:84,0
DA:85,0
DA:91,0
DA:92,0
DA:108,1
DA:120,0
DA:127,0
DA:129,0
LF:45
LH:5
end_of_record
SF:lib\widget\blocks\leaf\link.dart
DA:18,1
DA:20,1
DA:22,2
DA:23,5
DA:24,2
DA:25,1
DA:27,1
DA:28,1
DA:29,1
DA:30,1
DA:31,1
DA:32,1
DA:33,1
DA:34,0
DA:37,1
DA:38,1
DA:39,1
DA:40,1
DA:41,0
DA:42,0
DA:45,1
DA:46,1
DA:47,1
DA:53,1
DA:54,5
DA:57,0
DA:58,0
DA:59,0
DA:61,0
DA:70,1
DA:72,0
DA:74,0
LF:32
LH:23
end_of_record
SF:lib\widget\blocks\leaf\paragraph.dart
DA:14,1
DA:16,1
DA:18,1
DA:19,4
DA:20,2
DA:21,1
DA:25,1
DA:26,4
DA:33,1
DA:35,0
DA:36,0
DA:38,0
DA:40,0
DA:47,0
DA:49,0
DA:56,1
DA:58,3
DA:65,1
DA:67,3
DA:74,1
DA:76,2
LF:21
LH:15
end_of_record
SF:lib\widget\span_node.dart
DA:11,3
DA:13,2
DA:15,1
DA:16,1
DA:24,1
DA:25,2
DA:26,1
DA:29,1
DA:30,1
DA:32,2
DA:34,7
DA:41,1
DA:43,1
DA:44,1
DA:52,1
DA:54,1
DA:56,5
LF:17
LH:17
end_of_record
SF:lib\widget\inlines\input.dart
DA:13,0
DA:15,0
DA:18,0
DA:19,0
DA:22,0
DA:23,0
DA:24,0
DA:25,0
DA:26,0
DA:27,0
DA:28,0
DA:33,0
DA:45,1
DA:47,0
DA:49,0
DA:56,0
DA:58,0
DA:60,0
DA:61,0
LF:19
LH:1
end_of_record
SF:lib\widget\inlines\code.dart
DA:13,1
DA:15,1
DA:16,3
DA:18,1
DA:19,4
DA:26,1
DA:29,0
DA:30,0
DA:32,0
DA:34,0
LF:10
LH:6
end_of_record
SF:lib\widget\inlines\img.dart
DA:10,0
DA:11,0
DA:12,0
DA:13,0
DA:22,0
DA:26,0
DA:28,0
DA:31,0
DA:35,0
DA:36,0
DA:37,0
DA:38,0
DA:39,0
DA:40,0
DA:53,1
DA:55,0
DA:57,0
DA:66,1
DA:68,1
DA:72,2
DA:73,2
DA:74,0
DA:75,2
DA:76,1
DA:77,2
DA:78,1
LF:26
LH:9
end_of_record
SF:lib\widget\inlines\video.dart
DA:9,0
DA:10,0
DA:11,0
DA:12,0
DA:17,0
DA:21,0
DA:22,0
DA:23,0
DA:24,0
DA:25,0
DA:26,0
DA:29,0
DA:31,0
DA:47,1
DA:55,0
DA:57,0
DA:64,0
DA:65,0
DA:67,0
DA:68,0
DA:76,0
DA:78,0
DA:79,0
DA:80,0
DA:81,0
DA:83,0
DA:86,0
DA:87,0
DA:88,0
DA:91,0
DA:93,0
DA:94,0
DA:95,0
DA:97,0
DA:100,0
DA:102,0
DA:103,0
DA:104,0
DA:105,0
DA:106,0
DA:107,0
DA:108,0
DA:109,0
DA:110,0
DA:114,0
DA:118,0
DA:121,0
DA:122,0
DA:123,0
DA:124,0
DA:127,0
DA:128,0
DA:129,0
DA:130,0
DA:134,0
DA:136,0
DA:137,0
DA:138,0
DA:139,0
DA:146,0
DA:147,0
DA:148,0
DA:149,0
DA:150,0
DA:151,0
DA:156,0
DA:157,0
DA:158,0
DA:159,0
DA:163,0
DA:165,0
DA:166,0
DA:167,0
DA:170,0
DA:171,0
LF:75
LH:1
end_of_record
